<?xml version="1.0" encoding="UTF-8"?>
<testsuite name="com.example.springaws.controller.IndexControllerTest" tests="1" skipped="0" failures="0" errors="0" timestamp="2022-01-11T05:49:31" hostname="DESKTOP-H62CGAD" time="0.458">
  <properties/>
  <testcase name="메인페이지_로딩()" classname="com.example.springaws.controller.IndexControllerTest" time="0.458"/>
  <system-out><![CDATA[2022-01-11 14:49:29.045  INFO 23708 --- [    Test worker] .b.t.c.SpringBootTestContextBootstrapper : Neither @ContextConfiguration nor @ContextHierarchy found for test class [com.example.springaws.controller.IndexControllerTest], using SpringBootContextLoader
2022-01-11 14:49:29.047  INFO 23708 --- [    Test worker] o.s.t.c.support.AbstractContextLoader    : Could not detect default resource locations for test class [com.example.springaws.controller.IndexControllerTest]: no resource found for suffixes {-context.xml, Context.groovy}.
2022-01-11 14:49:29.047  INFO 23708 --- [    Test worker] t.c.s.AnnotationConfigContextLoaderUtils : Could not detect default configuration classes for test class [com.example.springaws.controller.IndexControllerTest]: IndexControllerTest does not declare any static, non-private, non-final, nested classes annotated with @Configuration.
2022-01-11 14:49:29.136  INFO 23708 --- [    Test worker] .b.t.c.SpringBootTestContextBootstrapper : Found @SpringBootConfiguration com.example.springaws.SpringawsApplication for test class com.example.springaws.controller.IndexControllerTest
2022-01-11 14:49:29.161  INFO 23708 --- [    Test worker] .b.t.c.SpringBootTestContextBootstrapper : Loaded default TestExecutionListener class names from location [META-INF/spring.factories]: [org.springframework.boot.test.autoconfigure.restdocs.RestDocsTestExecutionListener, org.springframework.boot.test.autoconfigure.web.client.MockRestServiceServerResetTestExecutionListener, org.springframework.boot.test.autoconfigure.web.servlet.MockMvcPrintOnlyOnFailureTestExecutionListener, org.springframework.boot.test.autoconfigure.web.servlet.WebDriverTestExecutionListener, org.springframework.boot.test.autoconfigure.webservices.client.MockWebServiceServerTestExecutionListener, org.springframework.boot.test.mock.mockito.MockitoTestExecutionListener, org.springframework.boot.test.mock.mockito.ResetMocksTestExecutionListener, org.springframework.test.context.web.ServletTestExecutionListener, org.springframework.test.context.support.DirtiesContextBeforeModesTestExecutionListener, org.springframework.test.context.event.ApplicationEventsTestExecutionListener, org.springframework.test.context.support.DependencyInjectionTestExecutionListener, org.springframework.test.context.support.DirtiesContextTestExecutionListener, org.springframework.test.context.transaction.TransactionalTestExecutionListener, org.springframework.test.context.jdbc.SqlScriptsTestExecutionListener, org.springframework.test.context.event.EventPublishingTestExecutionListener]
2022-01-11 14:49:29.213  INFO 23708 --- [    Test worker] .b.t.c.SpringBootTestContextBootstrapper : Using TestExecutionListeners: [org.springframework.test.context.web.ServletTestExecutionListener@6c2d124e, org.springframework.test.context.support.DirtiesContextBeforeModesTestExecutionListener@602e7a9e, org.springframework.test.context.event.ApplicationEventsTestExecutionListener@59f5a376, org.springframework.boot.test.mock.mockito.MockitoTestExecutionListener@19c6e821, org.springframework.boot.test.autoconfigure.SpringBootDependencyInjectionTestExecutionListener@1dfd3635, org.springframework.test.context.support.DirtiesContextTestExecutionListener@e14559e, org.springframework.test.context.transaction.TransactionalTestExecutionListener@7a0eb939, org.springframework.test.context.jdbc.SqlScriptsTestExecutionListener@54a7d1b9, org.springframework.test.context.event.EventPublishingTestExecutionListener@209f0986, org.springframework.boot.test.autoconfigure.restdocs.RestDocsTestExecutionListener@c0b10ae, org.springframework.boot.test.autoconfigure.web.client.MockRestServiceServerResetTestExecutionListener@3c3a767, org.springframework.boot.test.autoconfigure.web.servlet.MockMvcPrintOnlyOnFailureTestExecutionListener@698394bf, org.springframework.boot.test.autoconfigure.web.servlet.WebDriverTestExecutionListener@31887330, org.springframework.boot.test.autoconfigure.webservices.client.MockWebServiceServerTestExecutionListener@65528bcf, org.springframework.boot.test.mock.mockito.ResetMocksTestExecutionListener@7bb4f09d]
2022-01-11 14:49:29.307  INFO 23708 --- [    Test worker] c.e.s.controller.IndexControllerTest     : Starting IndexControllerTest using Java 11.0.4 on DESKTOP-H62CGAD with PID 23708 (started by thsut in C:\Users\thsut\Desktop\spring\스프링_AWS)
2022-01-11 14:49:29.307  INFO 23708 --- [    Test worker] c.e.s.controller.IndexControllerTest     : The following profiles are active: oauth
2022-01-11 14:49:29.998  INFO 23708 --- [    Test worker] .s.d.r.c.RepositoryConfigurationDelegate : Bootstrapping Spring Data JPA repositories in DEFAULT mode.
2022-01-11 14:49:30.029  INFO 23708 --- [    Test worker] .s.d.r.c.RepositoryConfigurationDelegate : Finished Spring Data repository scanning in 30 ms. Found 2 JPA repository interfaces.
2022-01-11 14:49:30.486  INFO 23708 --- [    Test worker] o.s.b.w.embedded.tomcat.TomcatWebServer  : Tomcat initialized with port(s): 0 (http)
2022-01-11 14:49:30.500  INFO 23708 --- [    Test worker] o.apache.catalina.core.StandardService   : Starting service [Tomcat]
2022-01-11 14:49:30.500  INFO 23708 --- [    Test worker] org.apache.catalina.core.StandardEngine  : Starting Servlet engine: [Apache Tomcat/9.0.56]
2022-01-11 14:49:30.645  INFO 23708 --- [    Test worker] o.a.c.c.C.[Tomcat].[localhost].[/]       : Initializing Spring embedded WebApplicationContext
2022-01-11 14:49:30.645  INFO 23708 --- [    Test worker] w.s.c.ServletWebServerApplicationContext : Root WebApplicationContext: initialization completed in 1334 ms
2022-01-11 14:49:30.785  INFO 23708 --- [    Test worker] com.zaxxer.hikari.HikariDataSource       : HikariPool-2 - Starting...
2022-01-11 14:49:30.789  INFO 23708 --- [    Test worker] com.zaxxer.hikari.HikariDataSource       : HikariPool-2 - Start completed.
2022-01-11 14:49:30.839  INFO 23708 --- [    Test worker] o.hibernate.jpa.internal.util.LogHelper  : HHH000204: Processing PersistenceUnitInfo [name: default]
2022-01-11 14:49:30.851  INFO 23708 --- [    Test worker] org.hibernate.dialect.Dialect            : HHH000400: Using dialect: org.hibernate.dialect.H2Dialect
2022-01-11 14:49:30.927  INFO 23708 --- [    Test worker] o.h.e.t.j.p.i.JtaPlatformInitiator       : HHH000490: Using JtaPlatform implementation: [org.hibernate.engine.transaction.jta.platform.internal.NoJtaPlatform]
2022-01-11 14:49:30.927  INFO 23708 --- [    Test worker] j.LocalContainerEntityManagerFactoryBean : Initialized JPA EntityManagerFactory for persistence unit 'default'
2022-01-11 14:49:31.164  WARN 23708 --- [    Test worker] JpaBaseConfiguration$JpaWebConfiguration : spring.jpa.open-in-view is enabled by default. Therefore, database queries may be performed during view rendering. Explicitly configure spring.jpa.open-in-view to disable this warning
2022-01-11 14:49:31.332  INFO 23708 --- [    Test worker] o.s.s.web.DefaultSecurityFilterChain     : Will secure any request with [org.springframework.security.web.context.request.async.WebAsyncManagerIntegrationFilter@56511eda, org.springframework.security.web.context.SecurityContextPersistenceFilter@6bf27411, org.springframework.security.web.header.HeaderWriterFilter@1dd01876, org.springframework.security.web.authentication.logout.LogoutFilter@514eefc4, org.springframework.security.oauth2.client.web.OAuth2AuthorizationRequestRedirectFilter@70c6c6a7, org.springframework.security.oauth2.client.web.OAuth2LoginAuthenticationFilter@54632794, org.springframework.security.web.authentication.ui.DefaultLoginPageGeneratingFilter@57d8d8e2, org.springframework.security.web.authentication.ui.DefaultLogoutPageGeneratingFilter@303a484e, org.springframework.security.web.savedrequest.RequestCacheAwareFilter@4a66949a, org.springframework.security.web.servletapi.SecurityContextHolderAwareRequestFilter@57e83608, org.springframework.security.web.authentication.AnonymousAuthenticationFilter@760f4310, org.springframework.security.web.session.SessionManagementFilter@12d24c43, org.springframework.security.web.access.ExceptionTranslationFilter@4b4b02d, org.springframework.security.web.access.intercept.FilterSecurityInterceptor@4f45290f]
2022-01-11 14:49:31.482  INFO 23708 --- [    Test worker] o.s.b.a.w.s.WelcomePageHandlerMapping    : Adding welcome page template: index
2022-01-11 14:49:31.731  INFO 23708 --- [    Test worker] o.s.b.w.embedded.tomcat.TomcatWebServer  : Tomcat started on port(s): 1825 (http) with context path ''
2022-01-11 14:49:31.734  INFO 23708 --- [    Test worker] s.a.ScheduledAnnotationBeanPostProcessor : No TaskScheduler/ScheduledExecutorService bean found for scheduled processing
2022-01-11 14:49:31.734  INFO 23708 --- [    Test worker] c.e.s.controller.IndexControllerTest     : Started IndexControllerTest in 2.517 seconds (JVM running for 10.511)
2022-01-11 14:49:31.841  INFO 23708 --- [o-auto-1-exec-1] o.a.c.c.C.[Tomcat].[localhost].[/]       : Initializing Spring DispatcherServlet 'dispatcherServlet'
2022-01-11 14:49:31.842  INFO 23708 --- [o-auto-1-exec-1] o.s.web.servlet.DispatcherServlet        : Initializing Servlet 'dispatcherServlet'
2022-01-11 14:49:31.843  INFO 23708 --- [o-auto-1-exec-1] o.s.web.servlet.DispatcherServlet        : Completed initialization in 1 ms
Hibernate: 
    select
        posts0_.id as id1_0_,
        posts0_.created_date as created_2_0_,
        posts0_.modified_date as modified3_0_,
        posts0_.author as author4_0_,
        posts0_.content as content5_0_,
        posts0_.title as title6_0_ 
    from
        posts posts0_ 
    order by
        posts0_.id desc
]]></system-out>
  <system-err><![CDATA[]]></system-err>
</testsuite>
