<?xml version="1.0" encoding="UTF-8"?>
<testsuite name="com.example.springaws.domain.dto.HelloResponseDtoTest" tests="1" skipped="0" failures="0" errors="0" timestamp="2022-01-11T05:49:32" hostname="DESKTOP-H62CGAD" time="0.01">
  <properties/>
  <testcase name="롬복기능테스트()" classname="com.example.springaws.domain.dto.HelloResponseDtoTest" time="0.01"/>
  <system-out><![CDATA[2022-01-11 14:49:32.413  INFO 23708 --- [    Test worker] .b.t.c.SpringBootTestContextBootstrapper : Neither @ContextConfiguration nor @ContextHierarchy found for test class [com.example.springaws.domain.dto.HelloResponseDtoTest], using SpringBootContextLoader
2022-01-11 14:49:32.414  INFO 23708 --- [    Test worker] o.s.t.c.support.AbstractContextLoader    : Could not detect default resource locations for test class [com.example.springaws.domain.dto.HelloResponseDtoTest]: no resource found for suffixes {-context.xml, Context.groovy}.
2022-01-11 14:49:32.414  INFO 23708 --- [    Test worker] t.c.s.AnnotationConfigContextLoaderUtils : Could not detect default configuration classes for test class [com.example.springaws.domain.dto.HelloResponseDtoTest]: HelloResponseDtoTest does not declare any static, non-private, non-final, nested classes annotated with @Configuration.
2022-01-11 14:49:32.449  INFO 23708 --- [    Test worker] .b.t.c.SpringBootTestContextBootstrapper : Found @SpringBootConfiguration com.example.springaws.SpringawsApplication for test class com.example.springaws.domain.dto.HelloResponseDtoTest
2022-01-11 14:49:32.451  INFO 23708 --- [    Test worker] .b.t.c.SpringBootTestContextBootstrapper : Loaded default TestExecutionListener class names from location [META-INF/spring.factories]: [org.springframework.boot.test.autoconfigure.restdocs.RestDocsTestExecutionListener, org.springframework.boot.test.autoconfigure.web.client.MockRestServiceServerResetTestExecutionListener, org.springframework.boot.test.autoconfigure.web.servlet.MockMvcPrintOnlyOnFailureTestExecutionListener, org.springframework.boot.test.autoconfigure.web.servlet.WebDriverTestExecutionListener, org.springframework.boot.test.autoconfigure.webservices.client.MockWebServiceServerTestExecutionListener, org.springframework.boot.test.mock.mockito.MockitoTestExecutionListener, org.springframework.boot.test.mock.mockito.ResetMocksTestExecutionListener, org.springframework.test.context.web.ServletTestExecutionListener, org.springframework.test.context.support.DirtiesContextBeforeModesTestExecutionListener, org.springframework.test.context.event.ApplicationEventsTestExecutionListener, org.springframework.test.context.support.DependencyInjectionTestExecutionListener, org.springframework.test.context.support.DirtiesContextTestExecutionListener, org.springframework.test.context.transaction.TransactionalTestExecutionListener, org.springframework.test.context.jdbc.SqlScriptsTestExecutionListener, org.springframework.test.context.event.EventPublishingTestExecutionListener]
2022-01-11 14:49:32.451  INFO 23708 --- [    Test worker] .b.t.c.SpringBootTestContextBootstrapper : Using TestExecutionListeners: [org.springframework.test.context.web.ServletTestExecutionListener@32eca9f4, org.springframework.test.context.support.DirtiesContextBeforeModesTestExecutionListener@49c3487f, org.springframework.test.context.event.ApplicationEventsTestExecutionListener@1e6a8d01, org.springframework.boot.test.mock.mockito.MockitoTestExecutionListener@63c07eaf, org.springframework.boot.test.autoconfigure.SpringBootDependencyInjectionTestExecutionListener@34b4c82a, org.springframework.test.context.support.DirtiesContextTestExecutionListener@67e7fe73, org.springframework.test.context.transaction.TransactionalTestExecutionListener@2daf650b, org.springframework.test.context.jdbc.SqlScriptsTestExecutionListener@4d7a4317, org.springframework.test.context.event.EventPublishingTestExecutionListener@5f1d270a, org.springframework.boot.test.autoconfigure.restdocs.RestDocsTestExecutionListener@7d14efc, org.springframework.boot.test.autoconfigure.web.client.MockRestServiceServerResetTestExecutionListener@5180f430, org.springframework.boot.test.autoconfigure.web.servlet.MockMvcPrintOnlyOnFailureTestExecutionListener@4e7d77ec, org.springframework.boot.test.autoconfigure.web.servlet.WebDriverTestExecutionListener@786e2c5e, org.springframework.boot.test.autoconfigure.webservices.client.MockWebServiceServerTestExecutionListener@75452b01, org.springframework.boot.test.mock.mockito.ResetMocksTestExecutionListener@23b260ed]
]]></system-out>
  <system-err><![CDATA[]]></system-err>
</testsuite>
