<?xml version="1.0" encoding="UTF-8"?>
<testsuite name="com.example.springaws.repository.PostsRepositoryTest" tests="2" skipped="0" failures="0" errors="0" timestamp="2022-01-11T05:49:32" hostname="DESKTOP-H62CGAD" time="0.071">
  <properties/>
  <testcase name="게시글저장_불러오기()" classname="com.example.springaws.repository.PostsRepositoryTest" time="0.037"/>
  <testcase name="BaseTimeEntity_등록()" classname="com.example.springaws.repository.PostsRepositoryTest" time="0.033"/>
  <system-out><![CDATA[2022-01-11 14:49:32.470  INFO 23708 --- [    Test worker] .b.t.c.SpringBootTestContextBootstrapper : Neither @ContextConfiguration nor @ContextHierarchy found for test class [com.example.springaws.repository.PostsRepositoryTest], using SpringBootContextLoader
2022-01-11 14:49:32.471  INFO 23708 --- [    Test worker] o.s.t.c.support.AbstractContextLoader    : Could not detect default resource locations for test class [com.example.springaws.repository.PostsRepositoryTest]: no resource found for suffixes {-context.xml, Context.groovy}.
2022-01-11 14:49:32.471  INFO 23708 --- [    Test worker] t.c.s.AnnotationConfigContextLoaderUtils : Could not detect default configuration classes for test class [com.example.springaws.repository.PostsRepositoryTest]: PostsRepositoryTest does not declare any static, non-private, non-final, nested classes annotated with @Configuration.
2022-01-11 14:49:32.479  INFO 23708 --- [    Test worker] .b.t.c.SpringBootTestContextBootstrapper : Found @SpringBootConfiguration com.example.springaws.SpringawsApplication for test class com.example.springaws.repository.PostsRepositoryTest
2022-01-11 14:49:32.482  INFO 23708 --- [    Test worker] .b.t.c.SpringBootTestContextBootstrapper : Loaded default TestExecutionListener class names from location [META-INF/spring.factories]: [org.springframework.boot.test.autoconfigure.restdocs.RestDocsTestExecutionListener, org.springframework.boot.test.autoconfigure.web.client.MockRestServiceServerResetTestExecutionListener, org.springframework.boot.test.autoconfigure.web.servlet.MockMvcPrintOnlyOnFailureTestExecutionListener, org.springframework.boot.test.autoconfigure.web.servlet.WebDriverTestExecutionListener, org.springframework.boot.test.autoconfigure.webservices.client.MockWebServiceServerTestExecutionListener, org.springframework.boot.test.mock.mockito.MockitoTestExecutionListener, org.springframework.boot.test.mock.mockito.ResetMocksTestExecutionListener, org.springframework.test.context.web.ServletTestExecutionListener, org.springframework.test.context.support.DirtiesContextBeforeModesTestExecutionListener, org.springframework.test.context.event.ApplicationEventsTestExecutionListener, org.springframework.test.context.support.DependencyInjectionTestExecutionListener, org.springframework.test.context.support.DirtiesContextTestExecutionListener, org.springframework.test.context.transaction.TransactionalTestExecutionListener, org.springframework.test.context.jdbc.SqlScriptsTestExecutionListener, org.springframework.test.context.event.EventPublishingTestExecutionListener]
2022-01-11 14:49:32.482  INFO 23708 --- [    Test worker] .b.t.c.SpringBootTestContextBootstrapper : Using TestExecutionListeners: [org.springframework.test.context.web.ServletTestExecutionListener@697797e4, org.springframework.test.context.support.DirtiesContextBeforeModesTestExecutionListener@38cbbd0b, org.springframework.test.context.event.ApplicationEventsTestExecutionListener@56a34c0e, org.springframework.boot.test.mock.mockito.MockitoTestExecutionListener@16750a5e, org.springframework.boot.test.autoconfigure.SpringBootDependencyInjectionTestExecutionListener@436867c3, org.springframework.test.context.support.DirtiesContextTestExecutionListener@262ea940, org.springframework.test.context.transaction.TransactionalTestExecutionListener@6aa152b7, org.springframework.test.context.jdbc.SqlScriptsTestExecutionListener@54b88247, org.springframework.test.context.event.EventPublishingTestExecutionListener@54eea16c, org.springframework.boot.test.autoconfigure.restdocs.RestDocsTestExecutionListener@7d96618, org.springframework.boot.test.autoconfigure.web.client.MockRestServiceServerResetTestExecutionListener@678db8be, org.springframework.boot.test.autoconfigure.web.servlet.MockMvcPrintOnlyOnFailureTestExecutionListener@77b7a4b2, org.springframework.boot.test.autoconfigure.web.servlet.WebDriverTestExecutionListener@56739ee9, org.springframework.boot.test.autoconfigure.webservices.client.MockWebServiceServerTestExecutionListener@1a56cb99, org.springframework.boot.test.mock.mockito.ResetMocksTestExecutionListener@1014c825]
Hibernate: 
    call next value for hibernate_sequence
Hibernate: 
    insert 
    into
        posts
        (created_date, modified_date, author, content, title, id) 
    values
        (?, ?, ?, ?, ?, ?)
Hibernate: 
    select
        posts0_.id as id1_0_,
        posts0_.created_date as created_2_0_,
        posts0_.modified_date as modified3_0_,
        posts0_.author as author4_0_,
        posts0_.content as content5_0_,
        posts0_.title as title6_0_ 
    from
        posts posts0_
Hibernate: 
    select
        posts0_.id as id1_0_,
        posts0_.created_date as created_2_0_,
        posts0_.modified_date as modified3_0_,
        posts0_.author as author4_0_,
        posts0_.content as content5_0_,
        posts0_.title as title6_0_ 
    from
        posts posts0_
Hibernate: 
    delete 
    from
        posts 
    where
        id=?
Hibernate: 
    call next value for hibernate_sequence
Hibernate: 
    insert 
    into
        posts
        (created_date, modified_date, author, content, title, id) 
    values
        (?, ?, ?, ?, ?, ?)
Hibernate: 
    select
        posts0_.id as id1_0_,
        posts0_.created_date as created_2_0_,
        posts0_.modified_date as modified3_0_,
        posts0_.author as author4_0_,
        posts0_.content as content5_0_,
        posts0_.title as title6_0_ 
    from
        posts posts0_
>>>>>>>>> createDate=2022-01-11T14:49:32.526609, modifiedDate=2022-01-11T14:49:32.526609
Hibernate: 
    select
        posts0_.id as id1_0_,
        posts0_.created_date as created_2_0_,
        posts0_.modified_date as modified3_0_,
        posts0_.author as author4_0_,
        posts0_.content as content5_0_,
        posts0_.title as title6_0_ 
    from
        posts posts0_
Hibernate: 
    delete 
    from
        posts 
    where
        id=?
]]></system-out>
  <system-err><![CDATA[]]></system-err>
</testsuite>
