<?xml version="1.0" encoding="UTF-8"?>
<testsuite name="com.example.springaws.SpringawsApplicationTests" tests="1" skipped="0" failures="0" errors="0" timestamp="2022-01-11T05:49:28" hostname="DESKTOP-H62CGAD" time="0.124">
  <properties/>
  <testcase name="contextLoads()" classname="com.example.springaws.SpringawsApplicationTests" time="0.124"/>
  <system-out><![CDATA[14:49:22.913 [Test worker] DEBUG org.springframework.test.context.BootstrapUtils - Instantiating CacheAwareContextLoaderDelegate from class [org.springframework.test.context.cache.DefaultCacheAwareContextLoaderDelegate]
14:49:22.928 [Test worker] DEBUG org.springframework.test.context.BootstrapUtils - Instantiating BootstrapContext using constructor [public org.springframework.test.context.support.DefaultBootstrapContext(java.lang.Class,org.springframework.test.context.CacheAwareContextLoaderDelegate)]
14:49:22.971 [Test worker] DEBUG org.springframework.test.context.BootstrapUtils - Instantiating TestContextBootstrapper for test class [com.example.springaws.SpringawsApplicationTests] from class [org.springframework.boot.test.context.SpringBootTestContextBootstrapper]
14:49:22.985 [Test worker] INFO org.springframework.boot.test.context.SpringBootTestContextBootstrapper - Neither @ContextConfiguration nor @ContextHierarchy found for test class [com.example.springaws.SpringawsApplicationTests], using SpringBootContextLoader
14:49:22.989 [Test worker] DEBUG org.springframework.test.context.support.AbstractContextLoader - Did not detect default resource location for test class [com.example.springaws.SpringawsApplicationTests]: class path resource [com/example/springaws/SpringawsApplicationTests-context.xml] does not exist
14:49:22.990 [Test worker] DEBUG org.springframework.test.context.support.AbstractContextLoader - Did not detect default resource location for test class [com.example.springaws.SpringawsApplicationTests]: class path resource [com/example/springaws/SpringawsApplicationTestsContext.groovy] does not exist
14:49:22.990 [Test worker] INFO org.springframework.test.context.support.AbstractContextLoader - Could not detect default resource locations for test class [com.example.springaws.SpringawsApplicationTests]: no resource found for suffixes {-context.xml, Context.groovy}.
14:49:22.991 [Test worker] INFO org.springframework.test.context.support.AnnotationConfigContextLoaderUtils - Could not detect default configuration classes for test class [com.example.springaws.SpringawsApplicationTests]: SpringawsApplicationTests does not declare any static, non-private, non-final, nested classes annotated with @Configuration.
14:49:23.038 [Test worker] DEBUG org.springframework.test.context.support.ActiveProfilesUtils - Could not find an 'annotation declaring class' for annotation type [org.springframework.test.context.ActiveProfiles] and class [com.example.springaws.SpringawsApplicationTests]
14:49:23.105 [Test worker] DEBUG org.springframework.context.annotation.ClassPathScanningCandidateComponentProvider - Identified candidate component class: file [C:\Users\thsut\Desktop\spring\스프링_AWS\build\classes\java\main\com\example\springaws\SpringawsApplication.class]
14:49:23.107 [Test worker] INFO org.springframework.boot.test.context.SpringBootTestContextBootstrapper - Found @SpringBootConfiguration com.example.springaws.SpringawsApplication for test class com.example.springaws.SpringawsApplicationTests
14:49:23.232 [Test worker] DEBUG org.springframework.boot.test.context.SpringBootTestContextBootstrapper - @TestExecutionListeners is not present for class [com.example.springaws.SpringawsApplicationTests]: using defaults.
14:49:23.232 [Test worker] INFO org.springframework.boot.test.context.SpringBootTestContextBootstrapper - Loaded default TestExecutionListener class names from location [META-INF/spring.factories]: [org.springframework.boot.test.autoconfigure.restdocs.RestDocsTestExecutionListener, org.springframework.boot.test.autoconfigure.web.client.MockRestServiceServerResetTestExecutionListener, org.springframework.boot.test.autoconfigure.web.servlet.MockMvcPrintOnlyOnFailureTestExecutionListener, org.springframework.boot.test.autoconfigure.web.servlet.WebDriverTestExecutionListener, org.springframework.boot.test.autoconfigure.webservices.client.MockWebServiceServerTestExecutionListener, org.springframework.boot.test.mock.mockito.MockitoTestExecutionListener, org.springframework.boot.test.mock.mockito.ResetMocksTestExecutionListener, org.springframework.test.context.web.ServletTestExecutionListener, org.springframework.test.context.support.DirtiesContextBeforeModesTestExecutionListener, org.springframework.test.context.event.ApplicationEventsTestExecutionListener, org.springframework.test.context.support.DependencyInjectionTestExecutionListener, org.springframework.test.context.support.DirtiesContextTestExecutionListener, org.springframework.test.context.transaction.TransactionalTestExecutionListener, org.springframework.test.context.jdbc.SqlScriptsTestExecutionListener, org.springframework.test.context.event.EventPublishingTestExecutionListener]
14:49:23.252 [Test worker] INFO org.springframework.boot.test.context.SpringBootTestContextBootstrapper - Using TestExecutionListeners: [org.springframework.test.context.web.ServletTestExecutionListener@3caa4757, org.springframework.test.context.support.DirtiesContextBeforeModesTestExecutionListener@69c43e48, org.springframework.test.context.event.ApplicationEventsTestExecutionListener@1804f60d, org.springframework.boot.test.mock.mockito.MockitoTestExecutionListener@3a80515c, org.springframework.boot.test.autoconfigure.SpringBootDependencyInjectionTestExecutionListener@547e29a4, org.springframework.test.context.support.DirtiesContextTestExecutionListener@1c807b1d, org.springframework.test.context.transaction.TransactionalTestExecutionListener@238b521e, org.springframework.test.context.jdbc.SqlScriptsTestExecutionListener@1b39fd82, org.springframework.test.context.event.EventPublishingTestExecutionListener@3e2fc448, org.springframework.boot.test.autoconfigure.restdocs.RestDocsTestExecutionListener@21680803, org.springframework.boot.test.autoconfigure.web.client.MockRestServiceServerResetTestExecutionListener@588ab592, org.springframework.boot.test.autoconfigure.web.servlet.MockMvcPrintOnlyOnFailureTestExecutionListener@c8b96ec, org.springframework.boot.test.autoconfigure.web.servlet.WebDriverTestExecutionListener@4cc61eb1, org.springframework.boot.test.autoconfigure.webservices.client.MockWebServiceServerTestExecutionListener@2d8f2f3a, org.springframework.boot.test.mock.mockito.ResetMocksTestExecutionListener@2024293c]
14:49:23.256 [Test worker] DEBUG org.springframework.test.context.support.AbstractDirtiesContextTestExecutionListener - Before test class: context [DefaultTestContext@255990cc testClass = SpringawsApplicationTests, testInstance = [null], testMethod = [null], testException = [null], mergedContextConfiguration = [WebMergedContextConfiguration@51c929ae testClass = SpringawsApplicationTests, locations = '{}', classes = '{class com.example.springaws.SpringawsApplication}', contextInitializerClasses = '[]', activeProfiles = '{}', propertySourceLocations = '{}', propertySourceProperties = '{org.springframework.boot.test.context.SpringBootTestContextBootstrapper=true}', contextCustomizers = set[org.springframework.boot.test.autoconfigure.actuate.metrics.MetricsExportContextCustomizerFactory$DisableMetricExportContextCustomizer@686449f9, org.springframework.boot.test.autoconfigure.properties.PropertyMappingContextCustomizer@0, org.springframework.boot.test.autoconfigure.web.servlet.WebDriverContextCustomizerFactory$Customizer@7756c3cd, org.springframework.boot.test.context.filter.ExcludeFilterContextCustomizer@6cfcd46d, org.springframework.boot.test.json.DuplicateJsonObjectContextCustomizerFactory$DuplicateJsonObjectContextCustomizer@5c8eee0f, org.springframework.boot.test.mock.mockito.MockitoContextCustomizer@0, org.springframework.boot.test.web.client.TestRestTemplateContextCustomizer@328cf0e1, org.springframework.boot.test.context.SpringBootTestArgs@1, org.springframework.boot.test.context.SpringBootTestWebEnvironment@b86de0d], resourceBasePath = 'src/main/webapp', contextLoader = 'org.springframework.boot.test.context.SpringBootContextLoader', parent = [null]], attributes = map['org.springframework.test.context.web.ServletTestExecutionListener.activateListener' -> true]], class annotated with @DirtiesContext [false] with mode [null].
14:49:23.325 [Test worker] DEBUG org.springframework.boot.ApplicationServletEnvironment - Activating profiles []
14:49:23.325 [Test worker] DEBUG org.springframework.test.context.support.TestPropertySourceUtils - Adding inlined properties to environment: {spring.jmx.enabled=false, org.springframework.boot.test.context.SpringBootTestContextBootstrapper=true}
2022-01-11 14:49:23.673  INFO 23708 --- [    Test worker] c.e.springaws.SpringawsApplicationTests  : Starting SpringawsApplicationTests using Java 11.0.4 on DESKTOP-H62CGAD with PID 23708 (started by thsut in C:\Users\thsut\Desktop\spring\스프링_AWS)
2022-01-11 14:49:23.675  INFO 23708 --- [    Test worker] c.e.springaws.SpringawsApplicationTests  : The following profiles are active: oauth
2022-01-11 14:49:24.512  INFO 23708 --- [    Test worker] .s.d.r.c.RepositoryConfigurationDelegate : Bootstrapping Spring Data JPA repositories in DEFAULT mode.
2022-01-11 14:49:24.605  INFO 23708 --- [    Test worker] .s.d.r.c.RepositoryConfigurationDelegate : Finished Spring Data repository scanning in 79 ms. Found 2 JPA repository interfaces.
2022-01-11 14:49:25.251  INFO 23708 --- [    Test worker] com.zaxxer.hikari.HikariDataSource       : HikariPool-1 - Starting...
2022-01-11 14:49:25.331  INFO 23708 --- [    Test worker] com.zaxxer.hikari.HikariDataSource       : HikariPool-1 - Start completed.
2022-01-11 14:49:25.580  INFO 23708 --- [    Test worker] o.hibernate.jpa.internal.util.LogHelper  : HHH000204: Processing PersistenceUnitInfo [name: default]
2022-01-11 14:49:25.667  INFO 23708 --- [    Test worker] org.hibernate.Version                    : HHH000412: Hibernate ORM core version 5.6.3.Final
2022-01-11 14:49:25.887  INFO 23708 --- [    Test worker] o.hibernate.annotations.common.Version   : HCANN000001: Hibernate Commons Annotations {5.1.2.Final}
2022-01-11 14:49:26.055  INFO 23708 --- [    Test worker] org.hibernate.dialect.Dialect            : HHH000400: Using dialect: org.hibernate.dialect.H2Dialect
2022-01-11 14:49:26.818  INFO 23708 --- [    Test worker] o.h.e.t.j.p.i.JtaPlatformInitiator       : HHH000490: Using JtaPlatform implementation: [org.hibernate.engine.transaction.jta.platform.internal.NoJtaPlatform]
2022-01-11 14:49:26.830  INFO 23708 --- [    Test worker] j.LocalContainerEntityManagerFactoryBean : Initialized JPA EntityManagerFactory for persistence unit 'default'
2022-01-11 14:49:27.329  WARN 23708 --- [    Test worker] JpaBaseConfiguration$JpaWebConfiguration : spring.jpa.open-in-view is enabled by default. Therefore, database queries may be performed during view rendering. Explicitly configure spring.jpa.open-in-view to disable this warning
2022-01-11 14:49:27.758  INFO 23708 --- [    Test worker] o.s.s.web.DefaultSecurityFilterChain     : Will secure any request with [org.springframework.security.web.context.request.async.WebAsyncManagerIntegrationFilter@1e3a2177, org.springframework.security.web.context.SecurityContextPersistenceFilter@2c51c756, org.springframework.security.web.header.HeaderWriterFilter@31cddb11, org.springframework.security.web.authentication.logout.LogoutFilter@75a6bd06, org.springframework.security.oauth2.client.web.OAuth2AuthorizationRequestRedirectFilter@5ab3f611, org.springframework.security.oauth2.client.web.OAuth2LoginAuthenticationFilter@40fd1a78, org.springframework.security.web.authentication.ui.DefaultLoginPageGeneratingFilter@33060020, org.springframework.security.web.authentication.ui.DefaultLogoutPageGeneratingFilter@58720eb9, org.springframework.security.web.savedrequest.RequestCacheAwareFilter@5ec3689b, org.springframework.security.web.servletapi.SecurityContextHolderAwareRequestFilter@32e7df65, org.springframework.security.web.authentication.AnonymousAuthenticationFilter@24749ad3, org.springframework.security.web.session.SessionManagementFilter@27691ee8, org.springframework.security.web.access.ExceptionTranslationFilter@1ba98508, org.springframework.security.web.access.intercept.FilterSecurityInterceptor@453e1bba]
2022-01-11 14:49:28.322  INFO 23708 --- [    Test worker] o.s.b.a.w.s.WelcomePageHandlerMapping    : Adding welcome page template: index
2022-01-11 14:49:28.780  INFO 23708 --- [    Test worker] s.a.ScheduledAnnotationBeanPostProcessor : No TaskScheduler/ScheduledExecutorService bean found for scheduled processing
2022-01-11 14:49:28.792  INFO 23708 --- [    Test worker] c.e.springaws.SpringawsApplicationTests  : Started SpringawsApplicationTests in 5.465 seconds (JVM running for 7.569)
]]></system-out>
  <system-err><![CDATA[]]></system-err>
</testsuite>
